<?xml version="1.0" encoding="UTF-8"?>
<!-- Generated by org.testng.reporters.JUnitXMLReporter -->
<testsuite ignored="0" hostname="THB-ARG-2336.local" failures="1" tests="5" name="FirefoxTest" time="21.942" errors="0" timestamp="2024-09-24T23:06:10 TRT">
  <testcase classname="uiTests.loginTests" name="testLogin" time="0.302">
    <failure type="java.lang.AssertionError" message="expected [true] but found [false]">
      <![CDATA[java.lang.AssertionError: expected [true] but found [false]
at uiTests.loginTests.testLogin(loginTests.java:35)
at java.base/java.util.ArrayList.forEach(ArrayList.java:1596)
at java.base/java.util.concurrent.FutureTask.run(FutureTask.java:317)
at java.base/java.util.concurrent.ThreadPoolExecutor.runWorker(ThreadPoolExecutor.java:1144)
at java.base/java.util.concurrent.ThreadPoolExecutor$Worker.run(ThreadPoolExecutor.java:642)
at java.base/java.lang.Thread.run(Thread.java:1583)
... Removed 22 stack frames]]>
    </failure>
  </testcase> <!-- testLogin -->
  <testcase classname="uiTests.loginTests" name="testLogin" time="0.309"/>
  <testcase classname="uiTests.loginTests" name="testLogin" time="0.285"/>
  <testcase classname="uiTests.loginTests" name="testLogin" time="0.373"/>
  <testcase classname="uiTests.loginTests" name="testLogin" time="0.322"/>
</testsuite> <!-- FirefoxTest -->
